<?xml version="1.0" encoding="utf-8"?><testsuites name="pytest tests"><testsuite name="pytest" errors="0" failures="1" skipped="0" tests="17" time="4.072" timestamp="2026-04-23T15:22:15.711935+00:00" hostname="agent-env-c85bfc1b-59cf-4f6c-9d55-2806e83aacc9"><testcase classname="backend.tests.backend_test.TestAuth" name="test_login_success_returns_user_business_and_sets_cookie" time="0.514" /><testcase classname="backend.tests.backend_test.TestAuth" name="test_login_invalid_credentials" time="0.327" /><testcase classname="backend.tests.backend_test.TestAuth" name="test_me_with_cookie" time="0.387" /><testcase classname="backend.tests.backend_test.TestAuth" name="test_me_with_bearer_token" time="0.147" /><testcase classname="backend.tests.backend_test.TestAuth" name="test_me_unauthenticated" time="0.184" /><testcase classname="backend.tests.backend_test.TestAuth" name="test_register_new_owner" time="0.387" /><testcase classname="backend.tests.backend_test.TestAuth" name="test_register_duplicate_email_rejected" time="0.099" /><testcase classname="backend.tests.backend_test.TestPublic" name="test_public_business" time="0.146" /><testcase classname="backend.tests.backend_test.TestPublic" name="test_public_business_not_found" time="0.191" /><testcase classname="backend.tests.backend_test.TestPublic" name="test_queue_summary" time="0.111" /><testcase classname="backend.tests.backend_test.TestPublic" name="test_join_queue_creates_ticket_and_polling_works" time="0.254" /><testcase classname="backend.tests.backend_test.TestQueueManage" name="test_unauth_rejected" time="0.381" /><testcase classname="backend.tests.backend_test.TestQueueManage" name="test_list_queue_authed" time="0.049" /><testcase classname="backend.tests.backend_test.TestQueueManage" name="test_walk_in_and_call_next_and_status_update" time="0.360" /><testcase classname="backend.tests.backend_test.TestQueueManage" name="test_stats" time="0.051" /><testcase classname="backend.tests.backend_test.TestBusinessSettings" name="test_patch_business" time="0.052" /><testcase classname="backend.tests.backend_test.TestBusinessSettings" name="test_toggle_online" time="0.182"><failure message="assert 422 == 400&#10; +  where 422 = &lt;Response [422]&gt;.status_code">backend/tests/backend_test.py:240: in test_toggle_online
    assert rj.status_code == 400
E   assert 422 == 400
E    +  where 422 = &lt;Response [422]&gt;.status_code</failure></testcase></testsuite></testsuites>