<?xml version="1.0" encoding="utf-8"?><testsuites name="pytest tests"><testsuite name="pytest" errors="0" failures="0" skipped="0" tests="55" time="58.515" timestamp="2026-04-25T10:10:14.219413+00:00" hostname="agent-env-c85bfc1b-59cf-4f6c-9d55-2806e83aacc9"><testcase classname="backend.tests.backend_test.TestAuth" name="test_login_success_returns_user_and_businesses_list" time="0.482" /><testcase classname="backend.tests.backend_test.TestAuth" name="test_login_invalid_credentials" time="0.340" /><testcase classname="backend.tests.backend_test.TestAuth" name="test_me_returns_user_and_businesses" time="0.593" /><testcase classname="backend.tests.backend_test.TestAuth" name="test_me_unauthenticated" time="0.102" /><testcase classname="backend.tests.backend_test.TestAuth" name="test_register_requires_state_and_pincode" time="0.099" /><testcase classname="backend.tests.backend_test.TestBusinessCRUD" name="test_list_outlets_includes_both_seeds" time="0.052" /><testcase classname="backend.tests.backend_test.TestBusinessCRUD" name="test_create_outlet_defaults_total_chairs_to_1" time="0.150" /><testcase classname="backend.tests.backend_test.TestBusinessCRUD" name="test_create_outlet_missing_state_fails" time="0.047" /><testcase classname="backend.tests.backend_test.TestBusinessCRUD" name="test_patch_and_delete_outlet" time="0.207" /><testcase classname="backend.tests.backend_test.TestBusinessCRUD" name="test_cross_owner_access_returns_404" time="0.475" /><testcase classname="backend.tests.backend_test.TestPublic" name="test_public_business" time="0.103" /><testcase classname="backend.tests.backend_test.TestPublic" name="test_public_business_not_found" time="0.114" /><testcase classname="backend.tests.backend_test.TestPublic" name="test_public_display" time="0.105" /><testcase classname="backend.tests.backend_test.TestPublic" name="test_public_display_no_auth_needed" time="0.120" /><testcase classname="backend.tests.backend_test.TestAuthGate" name="test_business_endpoints_require_auth" time="0.889" /><testcase classname="backend.tests.backend_test.TestQueuePerOutlet" name="test_walk_in_list_call_next_status_flow" time="0.367" /><testcase classname="backend.tests.backend_test.TestQueuePerOutlet" name="test_stats_shape" time="0.052" /><testcase classname="backend.tests.backend_test.TestAnalytics" name="test_analytics_after_completing_and_no_show" time="0.474" /><testcase classname="backend.tests.backend_test.TestAnalytics" name="test_analytics_days_clamped" time="0.053" /><testcase classname="backend.tests.backend_test.TestPlans" name="test_plans_endpoint" time="0.103" /><testcase classname="backend.tests.backend_test.TestFreePlanLimits" name="test_register_defaults_to_free_plan" time="0.387" /><testcase classname="backend.tests.backend_test.TestFreePlanLimits" name="test_free_cannot_create_second_outlet" time="0.435" /><testcase classname="backend.tests.backend_test.TestFreePlanLimits" name="test_free_cannot_patch_chairs_above_limit" time="0.419" /><testcase classname="backend.tests.backend_test.TestFreePlanLimits" name="test_free_cannot_patch_token_limit_above_50" time="0.425" /><testcase classname="backend.tests.backend_test.TestFreePlanLimits" name="test_premium_admin_has_multiple_outlets" time="0.000" /><testcase classname="backend.tests.backend_test.TestSuperAdminAuthGate" name="test_admin_endpoints_unauth" time="0.310" /><testcase classname="backend.tests.backend_test.TestSuperAdminAuthGate" name="test_admin_endpoints_forbidden_for_owner" time="0.143" /><testcase classname="backend.tests.backend_test.TestSuperAdminFlows" name="test_super_login_returns_role" time="0.331" /><testcase classname="backend.tests.backend_test.TestSuperAdminFlows" name="test_admin_stats_shape" time="0.048" /><testcase classname="backend.tests.backend_test.TestSuperAdminFlows" name="test_admin_users_list_has_outlet_count" time="0.069" /><testcase classname="backend.tests.backend_test.TestSuperAdminFlows" name="test_admin_businesses_has_owner_email" time="0.051" /><testcase classname="backend.tests.backend_test.TestSuperAdminFlows" name="test_upgrade_free_to_premium_unlocks_second_outlet" time="0.525" /><testcase classname="backend.tests.backend_test.TestSuperAdminFlows" name="test_admin_delete_outlet_and_tickets" time="0.247" /><testcase classname="backend.tests.backend_test.TestBruteForceLockout" name="test_lockout_after_5_failed_attempts" time="2.850" /><testcase classname="backend.tests.backend_test.TestPasswordResetFlow" name="test_forgot_returns_preview_link_and_reset_succeeds" time="2.098" /><testcase classname="backend.tests.backend_test.TestPasswordResetFlow" name="test_forgot_unknown_email_still_ok" time="0.110" /><testcase classname="backend.tests.backend_test.TestPasswordResetFlow" name="test_reset_with_invalid_token" time="0.109" /><testcase classname="backend.tests.backend_test.TestAdminLockouts" name="test_lockouts_endpoint_lists_trapped_email" time="2.206" /><testcase classname="backend.tests.backend_test.TestAdminLockouts" name="test_lockouts_endpoints_forbidden_for_owner" time="0.104" /><testcase classname="backend.tests.backend_test.TestAdminLockouts" name="test_lockouts_endpoints_unauth" time="0.235" /><testcase classname="backend.tests.backend_test.TestPublicQueueAndJoin" name="test_queue_summary_shape" time="0.108" /><testcase classname="backend.tests.backend_test.TestPublicQueueAndJoin" name="test_join_creates_ticket_and_public_ticket_lookup" time="0.223" /><testcase classname="backend.tests.backend_test.TestServicesCRUD" name="test_premium_owner_full_crud" time="0.681" /><testcase classname="backend.tests.backend_test.TestServicesCRUD" name="test_premium_max_services_cap_12" time="0.793" /><testcase classname="backend.tests.backend_test.TestServicesCRUD" name="test_free_owner_cannot_manage_services" time="0.527" /><testcase classname="backend.tests.backend_test.TestServicesCRUD" name="test_public_services_empty_for_outlet_without" time="0.122" /><testcase classname="backend.tests.backend_test.TestJoinWithService" name="test_join_requires_service_when_outlet_has_active" time="36.665" /><testcase classname="backend.tests.backend_test.TestJoinWithService" name="test_join_no_service_required_when_outlet_has_none" time="0.109" /><testcase classname="backend.tests.backend_test.TestETACalculation" name="test_queue_summary_includes_estimated_wait_minutes" time="0.108" /><testcase classname="backend.tests.backend_test.TestETACalculation" name="test_eta_uses_service_duration_in_ticket" time="0.757" /><testcase classname="backend.tests.backend_test.TestWalkInWithService" name="test_walk_in_with_service_attaches_fields" time="0.208" /><testcase classname="backend.tests.backend_test.TestAdminPlanUpdate" name="test_super_admin_can_set_premium_plus" time="0.661" /><testcase classname="backend.tests.backend_test.TestAdminPlanUpdate" name="test_invalid_plan_rejected" time="0.126" /><testcase classname="backend.tests.backend_test.TestPremiumLimits" name="test_premium_cannot_exceed_10_chairs_or_200_tokens" time="0.302" /><testcase classname="backend.tests.backend_test.TestPremiumLimits" name="test_premium_max_3_outlets" time="0.895" /></testsuite></testsuites>